<?xml version="1.0" encoding="UTF-8"?>
<!-- Generated by org.testng.reporters.JUnitReportReporter -->
<testsuite hostname="Rishad" failures="0" tests="1" name="TestRunner.TestRunnerClass" time="12.755" errors="0" timestamp="2023-11-19T13:06:44 CST" skipped="0">
  <testcase classname="TestRunner.TestRunnerClass" name="feature" time="12.755"/>
</testsuite> <!-- TestRunner.TestRunnerClass -->
